DEBUG main org.springframework.jdbc.datasource.DriverManagerDataSource - Creating new JDBC DriverManager Connection to [jdbc:oracle:thin:@localhost:1521:xe]
DEBUG main org.hibernate.engine.transaction.internal.TransactionImpl - begin
DEBUG main org.springframework.orm.hibernate5.HibernateTransactionManager - Exposing Hibernate transaction as JDBC transaction [oracle.jdbc.driver.T4CConnection@2264ea32]
INFO main org.springframework.test.context.transaction.TransactionContext - Began transaction (1) for test context [DefaultTestContext@7f13d6e testClass = DepartamentoBusinessTest, testInstance = br.com.springmvc.departamento.business.test.DepartamentoBusinessTest@5f2bd6d9, testMethod = testSuccessListarDepartamentos@DepartamentoBusinessTest, testException = [null], mergedContextConfiguration = [WebMergedContextConfiguration@51cdd8a testClass = DepartamentoBusinessTest, locations = '{}', classes = '{class br.com.springmvc.config.ApplicationConfig}', contextInitializerClasses = '[]', activeProfiles = '{}', propertySourceLocations = '{}', propertySourceProperties = '{}', contextCustomizers = set[[empty]], resourceBasePath = 'src/main/webapp', contextLoader = 'org.springframework.test.context.web.WebDelegatingSmartContextLoader', parent = [null]]]; transaction manager [org.springframework.orm.hibernate5.HibernateTransactionManager@72ed9aad]; rollback [true]
DEBUG main org.springframework.orm.hibernate5.HibernateTransactionManager - Found thread-bound Session [SessionImpl(PersistenceContext[entityKeys=[],collectionKeys=[]];ActionQueue[insertions=ExecutableList{size=0} updates=ExecutableList{size=0} deletions=ExecutableList{size=0} orphanRemovals=ExecutableList{size=0} collectionCreations=ExecutableList{size=0} collectionRemovals=ExecutableList{size=0} collectionUpdates=ExecutableList{size=0} collectionQueuedOps=ExecutableList{size=0} unresolvedInsertDependencies=null])] for Hibernate transaction
DEBUG main org.springframework.orm.hibernate5.HibernateTransactionManager - Participating in existing transaction
DEBUG main org.hibernate.SQL - 
    select
        departamen0_.COD_DEPARTAMENTO as COD_DEPARTAMENTO1_0_,
        departamen0_.LOCALIZACAO_DEPARTAMENTO as LOCALIZACAO_DEPART2_0_,
        departamen0_.NOME_DEPARTAMENTO as NOME_DEPARTAMENTO3_0_ 
    from
        DEPARTAMENTO departamen0_ 
    order by
        departamen0_.COD_DEPARTAMENTO
DEBUG main org.hibernate.loader.Loader - Result set row: 0
DEBUG main org.hibernate.loader.Loader - Result row: EntityKey[br.com.springmvc.model.Departamento#1]
DEBUG main org.hibernate.loader.Loader - Result set row: 1
DEBUG main org.hibernate.loader.Loader - Result row: EntityKey[br.com.springmvc.model.Departamento#2]
DEBUG main org.hibernate.loader.Loader - Result set row: 2
DEBUG main org.hibernate.loader.Loader - Result row: EntityKey[br.com.springmvc.model.Departamento#3]
DEBUG main org.hibernate.loader.Loader - Result set row: 3
DEBUG main org.hibernate.loader.Loader - Result row: EntityKey[br.com.springmvc.model.Departamento#4]
DEBUG main org.hibernate.loader.Loader - Result set row: 4
DEBUG main org.hibernate.loader.Loader - Result row: EntityKey[br.com.springmvc.model.Departamento#5]
DEBUG main org.hibernate.loader.Loader - Result set row: 5
DEBUG main org.hibernate.loader.Loader - Result row: EntityKey[br.com.springmvc.model.Departamento#10]
DEBUG main org.hibernate.loader.Loader - Result set row: 6
DEBUG main org.hibernate.loader.Loader - Result row: EntityKey[br.com.springmvc.model.Departamento#68]
DEBUG main org.hibernate.loader.Loader - Result set row: 7
DEBUG main org.hibernate.loader.Loader - Result row: EntityKey[br.com.springmvc.model.Departamento#69]
DEBUG main org.hibernate.engine.internal.TwoPhaseLoad - Resolving associations for [br.com.springmvc.model.Departamento#1]
DEBUG main org.hibernate.engine.internal.TwoPhaseLoad - Done materializing entity [br.com.springmvc.model.Departamento#1]
DEBUG main org.hibernate.engine.internal.TwoPhaseLoad - Resolving associations for [br.com.springmvc.model.Departamento#2]
DEBUG main org.hibernate.engine.internal.TwoPhaseLoad - Done materializing entity [br.com.springmvc.model.Departamento#2]
DEBUG main org.hibernate.engine.internal.TwoPhaseLoad - Resolving associations for [br.com.springmvc.model.Departamento#3]
DEBUG main org.hibernate.engine.internal.TwoPhaseLoad - Done materializing entity [br.com.springmvc.model.Departamento#3]
DEBUG main org.hibernate.engine.internal.TwoPhaseLoad - Resolving associations for [br.com.springmvc.model.Departamento#4]
DEBUG main org.hibernate.engine.internal.TwoPhaseLoad - Done materializing entity [br.com.springmvc.model.Departamento#4]
DEBUG main org.hibernate.engine.internal.TwoPhaseLoad - Resolving associations for [br.com.springmvc.model.Departamento#5]
DEBUG main org.hibernate.engine.internal.TwoPhaseLoad - Done materializing entity [br.com.springmvc.model.Departamento#5]
DEBUG main org.hibernate.engine.internal.TwoPhaseLoad - Resolving associations for [br.com.springmvc.model.Departamento#10]
DEBUG main org.hibernate.engine.internal.TwoPhaseLoad - Done materializing entity [br.com.springmvc.model.Departamento#10]
DEBUG main org.hibernate.engine.internal.TwoPhaseLoad - Resolving associations for [br.com.springmvc.model.Departamento#68]
DEBUG main org.hibernate.engine.internal.TwoPhaseLoad - Done materializing entity [br.com.springmvc.model.Departamento#68]
DEBUG main org.hibernate.engine.internal.TwoPhaseLoad - Resolving associations for [br.com.springmvc.model.Departamento#69]
DEBUG main org.hibernate.engine.internal.TwoPhaseLoad - Done materializing entity [br.com.springmvc.model.Departamento#69]
DEBUG main org.springframework.orm.hibernate5.HibernateTransactionManager - Initiating transaction rollback
DEBUG main org.springframework.orm.hibernate5.HibernateTransactionManager - Rolling back Hibernate transaction on Session [SessionImpl(PersistenceContext[entityKeys=[EntityKey[br.com.springmvc.model.Departamento#5], EntityKey[br.com.springmvc.model.Departamento#69], EntityKey[br.com.springmvc.model.Departamento#4], EntityKey[br.com.springmvc.model.Departamento#68], EntityKey[br.com.springmvc.model.Departamento#3], EntityKey[br.com.springmvc.model.Departamento#2], EntityKey[br.com.springmvc.model.Departamento#1], EntityKey[br.com.springmvc.model.Departamento#10]],collectionKeys=[]];ActionQueue[insertions=ExecutableList{size=0} updates=ExecutableList{size=0} deletions=ExecutableList{size=0} orphanRemovals=ExecutableList{size=0} collectionCreations=ExecutableList{size=0} collectionRemovals=ExecutableList{size=0} collectionUpdates=ExecutableList{size=0} collectionQueuedOps=ExecutableList{size=0} unresolvedInsertDependencies=null])]
DEBUG main org.hibernate.engine.transaction.internal.TransactionImpl - rolling back
DEBUG main org.springframework.orm.hibernate5.HibernateTransactionManager - Closing Hibernate Session [SessionImpl(PersistenceContext[entityKeys=[],collectionKeys=[]];ActionQueue[insertions=ExecutableList{size=0} updates=ExecutableList{size=0} deletions=ExecutableList{size=0} orphanRemovals=ExecutableList{size=0} collectionCreations=ExecutableList{size=0} collectionRemovals=ExecutableList{size=0} collectionUpdates=ExecutableList{size=0} collectionQueuedOps=ExecutableList{size=0} unresolvedInsertDependencies=null])] after transaction
INFO main org.springframework.test.context.transaction.TransactionContext - Rolled back transaction for test context [DefaultTestContext@7f13d6e testClass = DepartamentoBusinessTest, testInstance = br.com.springmvc.departamento.business.test.DepartamentoBusinessTest@5f2bd6d9, testMethod = testSuccessListarDepartamentos@DepartamentoBusinessTest, testException = [null], mergedContextConfiguration = [WebMergedContextConfiguration@51cdd8a testClass = DepartamentoBusinessTest, locations = '{}', classes = '{class br.com.springmvc.config.ApplicationConfig}', contextInitializerClasses = '[]', activeProfiles = '{}', propertySourceLocations = '{}', propertySourceProperties = '{}', contextCustomizers = set[[empty]], resourceBasePath = 'src/main/webapp', contextLoader = 'org.springframework.test.context.web.WebDelegatingSmartContextLoader', parent = [null]]].
DEBUG main org.springframework.test.context.support.AbstractDirtiesContextTestExecutionListener - After test method: context [DefaultTestContext@7f13d6e testClass = DepartamentoBusinessTest, testInstance = br.com.springmvc.departamento.business.test.DepartamentoBusinessTest@5f2bd6d9, testMethod = testSuccessListarDepartamentos@DepartamentoBusinessTest, testException = [null], mergedContextConfiguration = [WebMergedContextConfiguration@51cdd8a testClass = DepartamentoBusinessTest, locations = '{}', classes = '{class br.com.springmvc.config.ApplicationConfig}', contextInitializerClasses = '[]', activeProfiles = '{}', propertySourceLocations = '{}', propertySourceProperties = '{}', contextCustomizers = set[[empty]], resourceBasePath = 'src/main/webapp', contextLoader = 'org.springframework.test.context.web.WebDelegatingSmartContextLoader', parent = [null]]], class annotated with @DirtiesContext [false] with mode [null], method annotated with @DirtiesContext [false] with mode [null].
DEBUG main org.springframework.test.context.web.ServletTestExecutionListener - Resetting RequestContextHolder for test context [DefaultTestContext@7f13d6e testClass = DepartamentoBusinessTest, testInstance = br.com.springmvc.departamento.business.test.DepartamentoBusinessTest@5f2bd6d9, testMethod = testSuccessListarDepartamentos@DepartamentoBusinessTest, testException = [null], mergedContextConfiguration = [WebMergedContextConfiguration@51cdd8a testClass = DepartamentoBusinessTest, locations = '{}', classes = '{class br.com.springmvc.config.ApplicationConfig}', contextInitializerClasses = '[]', activeProfiles = '{}', propertySourceLocations = '{}', propertySourceProperties = '{}', contextCustomizers = set[[empty]], resourceBasePath = 'src/main/webapp', contextLoader = 'org.springframework.test.context.web.WebDelegatingSmartContextLoader', parent = [null]]].
DEBUG main org.springframework.test.context.support.AbstractDirtiesContextTestExecutionListener - After test class: context [DefaultTestContext@7f13d6e testClass = DepartamentoBusinessTest, testInstance = [null], testMethod = [null], testException = [null], mergedContextConfiguration = [WebMergedContextConfiguration@51cdd8a testClass = DepartamentoBusinessTest, locations = '{}', classes = '{class br.com.springmvc.config.ApplicationConfig}', contextInitializerClasses = '[]', activeProfiles = '{}', propertySourceLocations = '{}', propertySourceProperties = '{}', contextCustomizers = set[[empty]], resourceBasePath = 'src/main/webapp', contextLoader = 'org.springframework.test.context.web.WebDelegatingSmartContextLoader', parent = [null]]], class annotated with @DirtiesContext [false] with mode [null].
INFO Thread-1 org.springframework.web.context.support.GenericWebApplicationContext - Closing org.springframework.web.context.support.GenericWebApplicationContext@467aecef: startup date [Tue Jun 19 22:13:31 GMT-03:00 2018]; root of context hierarchy
DEBUG Thread-1 org.springframework.beans.factory.support.DefaultListableBeanFactory - Returning cached instance of singleton bean 'lifecycleProcessor'
DEBUG Thread-1 org.springframework.beans.factory.support.DefaultListableBeanFactory - Destroying singletons in org.springframework.beans.factory.support.DefaultListableBeanFactory@38364841: defining beans [org.springframework.context.annotation.internalConfigurationAnnotationProcessor,org.springframework.context.annotation.internalAutowiredAnnotationProcessor,org.springframework.context.annotation.internalRequiredAnnotationProcessor,org.springframework.context.annotation.internalCommonAnnotationProcessor,org.springframework.context.annotation.internalPersistenceAnnotationProcessor,org.springframework.context.event.internalEventListenerProcessor,org.springframework.context.event.internalEventListenerFactory,applicationConfig,departamentoBusinessImpl,departamentoDaoImpl,org.springframework.transaction.annotation.ProxyTransactionManagementConfiguration,org.springframework.transaction.config.internalTransactionAdvisor,transactionAttributeSource,transactionInterceptor,org.springframework.transaction.config.internalTransactionalEventListenerFactory,sessionFactory,dataSource,transactionManager,org.springframework.aop.config.internalAutoProxyCreator]; root of factory hierarchy
DEBUG Thread-1 org.springframework.beans.factory.support.DefaultListableBeanFactory - Retrieved dependent beans for bean 'sessionFactory': [departamentoDaoImpl, transactionManager]
DEBUG Thread-1 org.springframework.beans.factory.support.DefaultListableBeanFactory - Retrieved dependent beans for bean 'departamentoDaoImpl': [departamentoBusinessImpl]
DEBUG Thread-1 org.springframework.beans.factory.support.DefaultListableBeanFactory - Retrieved dependent beans for bean 'departamentoBusinessImpl': [br.com.springmvc.departamento.business.test.DepartamentoBusinessTest]
DEBUG Thread-1 org.springframework.beans.factory.support.DisposableBeanAdapter - Invoking destroy() on bean with name 'sessionFactory'
DEBUG Thread-1 org.hibernate.internal.SessionFactoryImpl - HHH000031: Closing
DEBUG Thread-1 org.hibernate.service.internal.AbstractServiceRegistryImpl - Implicitly destroying ServiceRegistry on de-registration of all child ServiceRegistries
DEBUG Thread-1 org.hibernate.boot.registry.internal.BootstrapServiceRegistryImpl - Implicitly destroying Boot-strap registry on de-registration of all child ServiceRegistries
